2018-02-26 00:14:48,826 [main] INFO  (App.java:20) - BattleShip - Start
  2018-02-26 00:14:56,231 [JavaFX Application Thread] INFO  (MainGameController.java:84) - PLAYER_TURN_START :: Początek tury gracza
  2018-02-26 00:14:56,232 [JavaFX Application Thread] INFO  (OpponentBattlefield.java:30) - PLAYER_TURN_START :: Początek tury gracza
  2018-02-26 00:15:02,422 [JavaFX Application Thread] INFO  (MainGameController.java:122) - END_GAME_EVENT :: Zakończenie gry :: OPPONENT
  2018-02-26 00:15:02,831 [pool-2-thread-1] INFO  (Version.java:37) - HCANN000001: Hibernate Commons Annotations {4.0.2.Final}
  2018-02-26 00:15:02,857 [pool-2-thread-1] INFO  (Version.java:41) - HHH000412: Hibernate Core {4.2.10.Final}
  2018-02-26 00:15:02,860 [pool-2-thread-1] INFO  (Environment.java:238) - HHH000206: hibernate.properties not found
  2018-02-26 00:15:02,865 [pool-2-thread-1] INFO  (Environment.java:345) - HHH000021: Bytecode provider name : javassist
  2018-02-26 00:15:03,486 [pool-2-thread-1] WARN  (DriverManagerConnectionProviderImpl.java:98) - HHH000402: Using Hibernate built-in connection pool (not for production use!)
  2018-02-26 00:15:03,494 [pool-2-thread-1] INFO  (DriverManagerConnectionProviderImpl.java:134) - HHH000115: Hibernate connection pool size: 20
  2018-02-26 00:15:03,494 [pool-2-thread-1] INFO  (DriverManagerConnectionProviderImpl.java:137) - HHH000006: Autocommit mode: true
  2018-02-26 00:15:03,495 [pool-2-thread-1] INFO  (DriverManagerConnectionProviderImpl.java:151) - HHH000401: using driver [org.h2.Driver] at URL [jdbc:h2:file:~/h2_I5B4S1]
  2018-02-26 00:15:03,495 [pool-2-thread-1] INFO  (DriverManagerConnectionProviderImpl.java:156) - HHH000046: Connection properties: {user=sa, autocommit=true, release_mode=auto}
  2018-02-26 00:15:04,102 [pool-2-thread-1] INFO  (Dialect.java:130) - HHH000400: Using dialect: org.hibernate.dialect.H2Dialect
  2018-02-26 00:15:04,362 [pool-2-thread-1] INFO  (TransactionFactoryInitiator.java:73) - HHH000268: Transaction strategy: org.hibernate.engine.transaction.internal.jdbc.JdbcTransactionFactory
  2018-02-26 00:15:04,372 [pool-2-thread-1] INFO  (ASTQueryTranslatorFactory.java:48) - HHH000397: Using ASTQueryTranslatorFactory
  2018-02-26 00:15:05,023 [pool-2-thread-1] INFO  (SchemaUpdate.java:182) - HHH000228: Running hbm2ddl schema update
  2018-02-26 00:15:05,023 [pool-2-thread-1] INFO  (SchemaUpdate.java:193) - HHH000102: Fetching database metadata
  2018-02-26 00:15:05,026 [pool-2-thread-1] INFO  (SchemaUpdate.java:205) - HHH000396: Updating schema
  2018-02-26 00:15:05,042 [pool-2-thread-1] INFO  (TableMetadata.java:66) - HHH000261: Table found: H2_I5B4S1.PUBLIC.GAME
  2018-02-26 00:15:05,043 [pool-2-thread-1] INFO  (TableMetadata.java:67) - HHH000037: Columns: [id, win]
  2018-02-26 00:15:05,044 [pool-2-thread-1] INFO  (TableMetadata.java:69) - HHH000108: Foreign keys: []
  2018-02-26 00:15:05,045 [pool-2-thread-1] INFO  (TableMetadata.java:70) - HHH000126: Indexes: [primary_key_2]
  2018-02-26 00:15:05,046 [pool-2-thread-1] INFO  (SchemaUpdate.java:242) - HHH000232: Schema update complete
  2018-02-26 00:15:05,258 [pool-2-thread-1] INFO  (DriverManagerConnectionProviderImpl.java:160) - HHH000030: Cleaning up connection pool [jdbc:h2:file:~/h2_I5B4S1]
  2018-02-26 00:55:20,969 [JavaFX Application Thread] INFO  (RootController.java:146) - Zamykanie
  